\BOOKMARK [0][-]{Doc-Start}{Abstract}{}% 1
\BOOKMARK [0][-]{chapter*.1}{Contents}{}% 2
\BOOKMARK [0][-]{chapter.1}{Introduction}{}% 3
\BOOKMARK [0][-]{chapter.2}{Field Survey and Review}{}% 4
\BOOKMARK [1][-]{section.2.1}{Pedagogy}{chapter.2}% 5
\BOOKMARK [2][-]{subsection.2.1.1}{Csikszentmihalyi's Flow Theory}{section.2.1}% 6
\BOOKMARK [2][-]{subsection.2.1.2}{Zone of Proximal Development/Scaffolding}{section.2.1}% 7
\BOOKMARK [2][-]{subsection.2.1.3}{Revised Bloom's Taxonomy}{section.2.1}% 8
\BOOKMARK [2][-]{subsection.2.1.4}{Kolb’s Experiential Learning Model}{section.2.1}% 9
\BOOKMARK [2][-]{subsection.2.1.5}{Keller’s ARCS Motivational Learning Model}{section.2.1}% 10
\BOOKMARK [1][-]{section.2.2}{Ludology}{chapter.2}% 11
\BOOKMARK [2][-]{subsection.2.2.1}{Serious Games and Gamification}{section.2.2}% 12
\BOOKMARK [2][-]{subsection.2.2.2}{Hunicke's MDA Model}{section.2.2}% 13
\BOOKMARK [2][-]{subsection.2.2.3}{Werbach's Gamification Framework}{section.2.2}% 14
\BOOKMARK [2][-]{subsection.2.2.4}{Learning Mechanics-Game Mechanics Model}{section.2.2}% 15
\BOOKMARK [1][-]{section.2.3}{Software Modelling}{chapter.2}% 16
\BOOKMARK [2][-]{subsection.2.3.1}{What is Software Modelling?}{section.2.3}% 17
\BOOKMARK [2][-]{subsection.2.3.2}{Software Modelling Tools}{section.2.3}% 18
\BOOKMARK [2][-]{subsection.2.3.3}{Software Modelling Course at the University of York}{section.2.3}% 19
\BOOKMARK [2][-]{subsection.2.3.4}{Software Modelling Teaching}{section.2.3}% 20
\BOOKMARK [2][-]{subsection.2.3.5}{Abstraction in Software Modelling Learning}{section.2.3}% 21
\BOOKMARK [2][-]{subsection.2.3.6}{Gamified Software Modelling}{section.2.3}% 22
\BOOKMARK [1][-]{section.2.4}{Research Methodology}{chapter.2}% 23
\BOOKMARK [2][-]{subsection.2.4.1}{Design Science Research Methodology}{section.2.4}% 24
\BOOKMARK [2][-]{subsection.2.4.2}{Gameful Design Method}{section.2.4}% 25
\BOOKMARK [2][-]{subsection.2.4.3}{Evaluation}{section.2.4}% 26
\BOOKMARK [0][-]{chapter.3}{Proposal}{}% 27
\BOOKMARK [1][-]{section.3.1}{Research Questions}{chapter.3}% 28
\BOOKMARK [1][-]{section.3.2}{Aim and Objectives}{chapter.3}% 29
\BOOKMARK [1][-]{section.3.3}{Research Outputs}{chapter.3}% 30
\BOOKMARK [0][-]{chapter.4}{Preliminary Results}{}% 31
\BOOKMARK [1][-]{section.4.1}{Preliminary Survey}{chapter.4}% 32
\BOOKMARK [1][-]{section.4.2}{Design Requirements}{chapter.4}% 33
\BOOKMARK [1][-]{section.4.3}{Elaborating Design and Learning Models}{chapter.4}% 34
\BOOKMARK [1][-]{section.4.4}{Game Design}{chapter.4}% 35
\BOOKMARK [1][-]{section.4.5}{Modelling Game Design Framework}{chapter.4}% 36
\BOOKMARK [0][-]{figure.4.4}{Bibliography}{}% 37
\BOOKMARK [0][-]{Appendix.a.A}{Appendix Research Plan}{}% 38
\BOOKMARK [0][-]{Appendix.a.B}{Appendix Publications}{}% 39
\BOOKMARK [0][-]{Appendix.a.C}{Appendix Preliminary Survey Data}{}% 40
